[0mListening on 0.0.0.0:8080[0m	
[1;30mnil[0m	
[0mhttp://deeplearn2.eecs.umich.edu:8080[0m	
[0m/ws/opened[0m	
[0m[0m	
[0mhttp://deeplearn2.eecs.umich.edu:8080[0m	
[0m/ws/opened[0m	
{
  1 : 
    {
      1 : [0;36m0.015469676085465[0m
      2 : [1;30m"[0m[0;32mI believe that it is something that happens when you lose your mind. That's the [0m[1;30m"[0m
    }
  2 : 
    {
      1 : [0;36m0.0040694972684304[0m
      2 : [1;30m"[0m[0;32mI believe that it is something that happens when you lose your middle of the world [0m[1;30m"[0m
    }
  3 : 
    {
      1 : [0;36m0.0025333103454514[0m
      2 : [1;30m"[0m[0;32mI believe that it is something that happens when you lose your middle of the world.[0m[1;30m"[0m
    }
  4 : 
    {
      1 : [0;36m0.0017275173108334[0m
      2 : [1;30m"[0m[0;32mI believe that it is something that happens when you lose your middle of the world's [0m[1;30m"[0m
    }
  5 : 
    {
      1 : [0;36m0.0017001382709756[0m
      2 : [1;30m"[0m[0;32mI believe that it is something that happens when you lose your middle of the way [0m[1;30m"[0m
    }
}
[0mhttp://deeplearn2.eecs.umich.edu:8080[0m	
[0m/ws/opened[0m	
{
  1 : 
    {
      1 : [0;36m0.00014348731687384[0m
      2 : [1;30m"[0m[0;32mWhatareransportation, and the [0m[1;30m"[0m
    }
  2 : 
    {
      1 : [0;36m0.00010147163801274[0m
      2 : [1;30m"[0m[0;32mWhatareransportation is that the [0m[1;30m"[0m
    }
  3 : 
    {
      1 : [0;36m7.9954886480676e-05[0m
      2 : [1;30m"[0m[0;32mWhatareransportation is that we [0m[1;30m"[0m
    }
  4 : 
    {
      1 : [0;36m5.1372107038109e-05[0m
      2 : [1;30m"[0m[0;32mWhatareransportation is that it [0m[1;30m"[0m
    }
  5 : 
    {
      1 : [0;36m5.1372107038109e-05[0m
      2 : [1;30m"[0m[0;32mWhatareransportation is that it [0m[1;30m"[0m
    }
}
[0mhttp://deeplearn2.eecs.umich.edu:8080[0m	
[0m/ws/opened[0m	
{
  1 : 
    {
      1 : [0;36m0.00014348731687384[0m
      2 : [1;30m"[0m[0;32mWhatareransportation, and the [0m[1;30m"[0m
    }
  2 : 
    {
      1 : [0;36m0.00010147163801274[0m
      2 : [1;30m"[0m[0;32mWhatareransportation is that the [0m[1;30m"[0m
    }
  3 : 
    {
      1 : [0;36m7.9954886480676e-05[0m
      2 : [1;30m"[0m[0;32mWhatareransportation is that we [0m[1;30m"[0m
    }
  4 : 
    {
      1 : [0;36m5.1372107038109e-05[0m
      2 : [1;30m"[0m[0;32mWhatareransportation is that it [0m[1;30m"[0m
    }
  5 : 
    {
      1 : [0;36m5.1372107038109e-05[0m
      2 : [1;30m"[0m[0;32mWhatareransportation is that it [0m[1;30m"[0m
    }
}
[0mhttp://deeplearn2.eecs.umich.edu:8080[0m	
[0m/ws/opened[0m	
{
  1 : 
    {
      1 : [0;36m0.29528349878821[0m
      2 : [1;30m"[0m[0;32mWhat are you talking about? Well, the thing is that this is [0m[1;30m"[0m
    }
  2 : 
    {
      1 : [0;36m0.13240122797788[0m
      2 : [1;30m"[0m[0;32mWhat are you talking about? Well, the thing is that there is [0m[1;30m"[0m
    }
  3 : 
    {
      1 : [0;36m0.10041072078396[0m
      2 : [1;30m"[0m[0;32mWhat are you talking about? Well, the thing is that there was [0m[1;30m"[0m
    }
  4 : 
    {
      1 : [0;36m0.080202080657007[0m
      2 : [1;30m"[0m[0;32mWhat are you talking about? Well, the thing is that there's a [0m[1;30m"[0m
    }
  5 : 
    {
      1 : [0;36m0.027364899777196[0m
      2 : [1;30m"[0m[0;32mWhat are you talking about? Well, the thing is that there's no [0m[1;30m"[0m
    }
}
{
  1 : 
    {
      1 : [0;36m0.29528349878821[0m
      2 : [1;30m"[0m[0;32mWhat are you talking about? Well, the thing is that this is [0m[1;30m"[0m
    }
  2 : 
    {
      1 : [0;36m0.13240122797788[0m
      2 : [1;30m"[0m[0;32mWhat are you talking about? Well, the thing is that there is [0m[1;30m"[0m
    }
  3 : 
    {
      1 : [0;36m0.10041072078396[0m
      2 : [1;30m"[0m[0;32mWhat are you talking about? Well, the thing is that there was [0m[1;30m"[0m
    }
  4 : 
    {
      1 : [0;36m0.080202080657007[0m
      2 : [1;30m"[0m[0;32mWhat are you talking about? Well, the thing is that there's a [0m[1;30m"[0m
    }
  5 : 
    {
      1 : [0;36m0.027364899777196[0m
      2 : [1;30m"[0m[0;32mWhat are you talking about? Well, the thing is that there's no [0m[1;30m"[0m
    }
}
[0mhttp://deeplearn2.eecs.umich.edu:8080[0m	
[0m/ws/opened[0m	
{
  1 : 
    {
      1 : [0;36m6.0255701114752[0m
      2 : [1;30m"[0m[0;32myou are so happy that we have finally made it... [0m[1;30m"[0m
    }
  2 : 
    {
      1 : [0;36m0.17904482895053[0m
      2 : [1;30m"[0m[0;32myou are so happy that we have finally made it out of the [0m[1;30m"[0m
    }
  3 : 
    {
      1 : [0;36m0.038694894887169[0m
      2 : [1;30m"[0m[0;32myou are so happy that we have finally made it in the world.[0m[1;30m"[0m
    }
  4 : 
    {
      1 : [0;36m0.037331771749191[0m
      2 : [1;30m"[0m[0;32myou are so happy that we have finally made it in the world [0m[1;30m"[0m
    }
  5 : 
    {
      1 : [0;36m0.011120536431962[0m
      2 : [1;30m"[0m[0;32myou are so happy that we have finally made it in the world,[0m[1;30m"[0m
    }
}
{
  1 : 
    {
      1 : [0;36m6.0255701114752[0m
      2 : [1;30m"[0m[0;32myou are so happy that we have finally made it... [0m[1;30m"[0m
    }
  2 : 
    {
      1 : [0;36m0.17904482895053[0m
      2 : [1;30m"[0m[0;32myou are so happy that we have finally made it out of the [0m[1;30m"[0m
    }
  3 : 
    {
      1 : [0;36m0.038694894887169[0m
      2 : [1;30m"[0m[0;32myou are so happy that we have finally made it in the world.[0m[1;30m"[0m
    }
  4 : 
    {
      1 : [0;36m0.037331771749191[0m
      2 : [1;30m"[0m[0;32myou are so happy that we have finally made it in the world [0m[1;30m"[0m
    }
  5 : 
    {
      1 : [0;36m0.011120536431962[0m
      2 : [1;30m"[0m[0;32myou are so happy that we have finally made it in the world,[0m[1;30m"[0m
    }
}
{
  1 : 
    {
      1 : [0;36m6.0255701114752[0m
      2 : [1;30m"[0m[0;32myou are so happy that we have finally made it... [0m[1;30m"[0m
    }
  2 : 
    {
      1 : [0;36m0.17904482895053[0m
      2 : [1;30m"[0m[0;32myou are so happy that we have finally made it out of the [0m[1;30m"[0m
    }
  3 : 
    {
      1 : [0;36m0.038694894887169[0m
      2 : [1;30m"[0m[0;32myou are so happy that we have finally made it in the world.[0m[1;30m"[0m
    }
  4 : 
    {
      1 : [0;36m0.037331771749191[0m
      2 : [1;30m"[0m[0;32myou are so happy that we have finally made it in the world [0m[1;30m"[0m
    }
  5 : 
    {
      1 : [0;36m0.011120536431962[0m
      2 : [1;30m"[0m[0;32myou are so happy that we have finally made it in the world,[0m[1;30m"[0m
    }
}
[0mhttp://deeplearn2.eecs.umich.edu:8080[0m	
[0m/ws/opened[0m	
[0m/ws/closed[0m	
[0mhttp://deeplearn2.eecs.umich.edu:8080[0m	
[0m/ws/opened[0m	
[0m[0m	
[0mhttp://deeplearn2.eecs.umich.edu:8080[0m	
[0m/ws/opened[0m	
/home/yeezhang/torch/install/bin/luajit: bad argument #1 to '?' (empty tensor at /home/yeezhang/torch/pkg/torch/generic/Tensor.c:851)
stack traceback:
	[C]: at 0x7fd6ff347e20
	[C]: in function '__index'
	sample.lua:114: in function 'sample'
	render.lua:30: in function 'onmessage'
	...eezhang/torch/install/share/lua/5.1/waffle/websocket.lua:332: in function 'cb'
	/home/yeezhang/torch/install/share/lua/5.1/async/handle.lua:33: in function </home/yeezhang/torch/install/share/lua/5.1/async/handle.lua:32>
	[C]: in function 'run'
	/home/yeezhang/torch/install/share/lua/5.1/async/init.lua:30: in function 'go'
	/home/yeezhang/torch/install/share/lua/5.1/waffle/app.lua:121: in function 'listen'
	render.lua:54: in main chunk
	[C]: in function 'dofile'
	...hang/torch/install/lib/luarocks/rocks/trepl/scm-1/bin/th:131: in main chunk
	[C]: at 0x00406730
[0mListening on 0.0.0.0:8080[0m	
[1;30mnil[0m	
[0mhttp://deeplearn2.eecs.umich.edu:8080[0m	
[0m/ws/opened[0m	
{
  1 : 
    {
      1 : [0;36m0.38070336213366[0m
      2 : [1;30m"[0m[0;32mI don't want to be able [0m[1;30m"[0m
    }
  2 : 
    {
      1 : [0;36m0.19193951425424[0m
      2 : [1;30m"[0m[0;32mI don't want to be the [0m[1;30m"[0m
    }
  3 : 
    {
      1 : [0;36m0.16398772957097[0m
      2 : [1;30m"[0m[0;32mI don't want to see the [0m[1;30m"[0m
    }
  4 : 
    {
      1 : [0;36m0.1614285925116[0m
      2 : [1;30m"[0m[0;32mI don't want to do that.[0m[1;30m"[0m
    }
  5 : 
    {
      1 : [0;36m0.1417772733057[0m
      2 : [1;30m"[0m[0;32mI don't want to do that [0m[1;30m"[0m
    }
}
[0mhttp://deeplearn2.eecs.umich.edu:8080[0m	
[0m/ws/opened[0m	
[0m[0m	
[0mhttp://deeplearn2.eecs.umich.edu:8080[0m	
[0m/ws/opened[0m	
